2022-01-20 15:36:17.979 - INFO - 2798 - azureml.train.automl._experiment_drivers.driver_utilities.modify_run_configuration:200 - Package azureml-train-automl missing from dependencies file.
2022-01-20 15:36:17.980 - INFO - 2798 - azureml.train.automl._experiment_drivers.driver_utilities.modify_run_configuration:206 - Using pinned version: azureml-train-automl==1.36.0.*
2022-01-20 15:36:17.980 - INFO - 2798 - azureml.train.automl._experiment_drivers.driver_utilities.modify_run_configuration:200 - Package pandas missing from dependencies file.
2022-01-20 15:36:17.980 - INFO - 2798 - azureml.train.automl._experiment_drivers.driver_utilities.modify_run_configuration:206 - Using pinned version: pandas==0.25.1
2022-01-20 15:36:17.981 - INFO - 2798 - azureml.train.automl._experiment_drivers.driver_utilities.modify_run_configuration:200 - Package psutil missing from dependencies file.
2022-01-20 15:36:17.982 - INFO - 2798 - azureml.train.automl._experiment_drivers.driver_utilities.modify_run_configuration:206 - Using pinned version: psutil>5.0.0,<6.0.0
2022-01-20 15:36:17.982 - INFO - 2798 - azureml.train.automl._experiment_drivers.driver_utilities.modify_run_configuration:200 - Package scikit-learn missing from dependencies file.
2022-01-20 15:36:17.982 - INFO - 2798 - azureml.train.automl._experiment_drivers.driver_utilities.modify_run_configuration:206 - Using pinned version: scikit-learn==0.22.1
2022-01-20 15:36:17.982 - INFO - 2798 - azureml.train.automl._experiment_drivers.driver_utilities.modify_run_configuration:200 - Package numpy missing from dependencies file.
2022-01-20 15:36:17.983 - INFO - 2798 - azureml.train.automl._experiment_drivers.driver_utilities.modify_run_configuration:206 - Using pinned version: numpy~=1.18.0
2022-01-20 15:36:17.983 - INFO - 2798 - azureml.train.automl._experiment_drivers.driver_utilities.modify_run_configuration:200 - Package py-xgboost missing from dependencies file.
2022-01-20 15:36:17.983 - INFO - 2798 - azureml.train.automl._experiment_drivers.driver_utilities.modify_run_configuration:206 - Using pinned version: py-xgboost<=0.90
2022-01-20 15:36:17.984 - INFO - 2798 - azureml.train.automl._experiment_drivers.driver_utilities.modify_run_configuration:200 - Package inference-schema missing from dependencies file.
2022-01-20 15:36:17.984 - INFO - 2798 - azureml.train.automl._experiment_drivers.driver_utilities.modify_run_configuration:210 - Using installed version: inference-schema==1.3.0
2022-01-20 15:36:17.984 - INFO - 2798 - azureml.train.automl._experiment_drivers.driver_utilities.modify_run_configuration:200 - Package fbprophet missing from dependencies file.
2022-01-20 15:36:17.984 - INFO - 2798 - azureml.train.automl._experiment_drivers.driver_utilities.modify_run_configuration:206 - Using pinned version: fbprophet==0.5
2022-01-20 15:36:17.985 - INFO - 2798 - azureml.train.automl._experiment_drivers.driver_utilities.modify_run_configuration:200 - Package setuptools-git missing from dependencies file.
2022-01-20 15:36:17.985 - INFO - 2798 - azureml.train.automl._experiment_drivers.driver_utilities.modify_run_configuration:210 - Using installed version: setuptools-git==1.2
2022-01-20 15:36:17.986 - INFO - 2798 - azureml.automl.core.dataset_utilities._save_datasets_to_json:131 - JSON serialization of input of type <class 'NoneType'> is un-supported.
2022-01-20 15:36:17.986 - INFO - 2798 - azureml.automl.core.dataset_utilities._save_datasets_to_json:131 - JSON serialization of input of type <class 'NoneType'> is un-supported.
2022-01-20 15:36:17.987 - INFO - 2798 - azureml.train.automl._experiment_drivers.driver_utilities.validate_input:124 - Start data validation.
2022-01-20 15:36:21.258 - INFO - 2798 - azureml.train.automl._experiment_drivers.driver_utilities.validate_input:137 - Validation service found the data has no errors.
2022-01-20 15:36:21.259 - INFO - 2798 - azureml.train.automl._experiment_drivers.driver_utilities.create_remote_parent_run:382 - Start creating parent run.
2022-01-20 15:36:21.535 - INFO - 2798 - azureml.train.automl._experiment_drivers.driver_utilities.create_remote_parent_run:402 - [ParentRunID:AutoML_a76c6def-f689-47fc-870c-7f6bd34aef7c] Remote run using input X and y.
2022-01-20 15:36:21.597 - INFO - 2798 - azureml.train.automl._experiment_drivers.driver_utilities.start_remote_run:337 - Starting a snapshot run (snapshot_id : None)
2022-01-20 15:50:15.019 - INFO - 32467 - azureml.train.automl._experiment_drivers.driver_utilities.modify_run_configuration:200 - Package azureml-train-automl missing from dependencies file.
2022-01-20 15:50:15.041 - INFO - 32467 - azureml.train.automl._experiment_drivers.driver_utilities.modify_run_configuration:206 - Using pinned version: azureml-train-automl==1.36.0.*
2022-01-20 15:50:15.048 - INFO - 32467 - azureml.train.automl._experiment_drivers.driver_utilities.modify_run_configuration:200 - Package pandas missing from dependencies file.
2022-01-20 15:50:15.054 - INFO - 32467 - azureml.train.automl._experiment_drivers.driver_utilities.modify_run_configuration:206 - Using pinned version: pandas==0.25.1
2022-01-20 15:50:15.061 - INFO - 32467 - azureml.train.automl._experiment_drivers.driver_utilities.modify_run_configuration:200 - Package psutil missing from dependencies file.
2022-01-20 15:50:15.068 - INFO - 32467 - azureml.train.automl._experiment_drivers.driver_utilities.modify_run_configuration:206 - Using pinned version: psutil>5.0.0,<6.0.0
2022-01-20 15:50:15.074 - INFO - 32467 - azureml.train.automl._experiment_drivers.driver_utilities.modify_run_configuration:200 - Package scikit-learn missing from dependencies file.
2022-01-20 15:50:15.081 - INFO - 32467 - azureml.train.automl._experiment_drivers.driver_utilities.modify_run_configuration:206 - Using pinned version: scikit-learn==0.22.1
2022-01-20 15:50:15.088 - INFO - 32467 - azureml.train.automl._experiment_drivers.driver_utilities.modify_run_configuration:200 - Package numpy missing from dependencies file.
2022-01-20 15:50:15.095 - INFO - 32467 - azureml.train.automl._experiment_drivers.driver_utilities.modify_run_configuration:206 - Using pinned version: numpy~=1.18.0
2022-01-20 15:50:15.101 - INFO - 32467 - azureml.train.automl._experiment_drivers.driver_utilities.modify_run_configuration:200 - Package py-xgboost missing from dependencies file.
2022-01-20 15:50:15.106 - INFO - 32467 - azureml.train.automl._experiment_drivers.driver_utilities.modify_run_configuration:206 - Using pinned version: py-xgboost<=0.90
2022-01-20 15:50:15.113 - INFO - 32467 - azureml.train.automl._experiment_drivers.driver_utilities.modify_run_configuration:200 - Package inference-schema missing from dependencies file.
2022-01-20 15:50:15.119 - INFO - 32467 - azureml.train.automl._experiment_drivers.driver_utilities.modify_run_configuration:210 - Using installed version: inference-schema==1.3.0
2022-01-20 15:50:15.126 - INFO - 32467 - azureml.train.automl._experiment_drivers.driver_utilities.modify_run_configuration:200 - Package fbprophet missing from dependencies file.
2022-01-20 15:50:15.133 - INFO - 32467 - azureml.train.automl._experiment_drivers.driver_utilities.modify_run_configuration:206 - Using pinned version: fbprophet==0.5
2022-01-20 15:50:15.139 - INFO - 32467 - azureml.train.automl._experiment_drivers.driver_utilities.modify_run_configuration:200 - Package setuptools-git missing from dependencies file.
2022-01-20 15:50:15.145 - INFO - 32467 - azureml.train.automl._experiment_drivers.driver_utilities.modify_run_configuration:210 - Using installed version: setuptools-git==1.2
2022-01-20 15:50:15.153 - INFO - 32467 - azureml.automl.core.dataset_utilities._save_datasets_to_json:131 - JSON serialization of input of type <class 'NoneType'> is un-supported.
2022-01-20 15:50:15.161 - INFO - 32467 - azureml.automl.core.dataset_utilities._save_datasets_to_json:131 - JSON serialization of input of type <class 'NoneType'> is un-supported.
2022-01-20 15:50:15.168 - INFO - 32467 - azureml.train.automl._experiment_drivers.driver_utilities.validate_input:124 - Start data validation.
2022-01-20 15:50:17.171 - INFO - 32467 - azureml.train.automl._experiment_drivers.driver_utilities.validate_input:137 - Validation service found the data has no errors.
2022-01-20 15:50:17.180 - INFO - 32467 - azureml.train.automl._experiment_drivers.driver_utilities.create_remote_parent_run:382 - Start creating parent run.
2022-01-20 15:50:17.404 - INFO - 32467 - azureml.train.automl._experiment_drivers.driver_utilities.create_remote_parent_run:402 - [ParentRunID:AutoML_7e0b1c81-b6af-42a9-ad51-0b9083296104] Remote run using input X and y.
2022-01-20 15:50:17.473 - INFO - 32467 - azureml.train.automl._experiment_drivers.driver_utilities.start_remote_run:337 - Starting a snapshot run (snapshot_id : None)
